{"/Users/matt/projects/code/ollama-class/src/ollama.ts": {"path":"/Users/matt/projects/code/ollama-class/src/ollama.ts","statementMap":{"0":{"start":{"line":1,"column":0},"end":{"line":1,"column":100}},"1":{"start":{"line":63,"column":25},"end":{"line":63,"column":30}},"2":{"start":{"line":64,"column":26},"end":{"line":64,"column":28}},"3":{"start":{"line":65,"column":33},"end":{"line":65,"column":35}},"4":{"start":{"line":66,"column":29},"end":{"line":66,"column":31}},"5":{"start":{"line":67,"column":32},"end":{"line":67,"column":34}},"6":{"start":{"line":68,"column":30},"end":{"line":68,"column":32}},"7":{"start":{"line":73,"column":4},"end":{"line":81,"column":null}},"8":{"start":{"line":74,"column":6},"end":{"line":74,"column":30}},"9":{"start":{"line":76,"column":6},"end":{"line":80,"column":null}},"10":{"start":{"line":77,"column":8},"end":{"line":77,"column":32}},"11":{"start":{"line":79,"column":8},"end":{"line":79,"column":28}},"12":{"start":{"line":86,"column":27},"end":{"line":86,"column":29}},"13":{"start":{"line":87,"column":17},"end":{"line":87,"column":43}},"14":{"start":{"line":88,"column":19},"end":{"line":98,"column":6}},"15":{"start":{"line":89,"column":28},"end":{"line":89,"column":61}},"16":{"start":{"line":90,"column":6},"end":{"line":97,"column":null}},"17":{"start":{"line":91,"column":8},"end":{"line":93,"column":null}},"18":{"start":{"line":92,"column":10},"end":{"line":92,"column":28}},"19":{"start":{"line":94,"column":8},"end":{"line":94,"column":33}},"20":{"start":{"line":96,"column":8},"end":{"line":96,"column":30}},"21":{"start":{"line":99,"column":4},"end":{"line":99,"column":19}},"22":{"start":{"line":102,"column":24},"end":{"line":102,"column":47}},"23":{"start":{"line":103,"column":4},"end":{"line":108,"column":null}},"24":{"start":{"line":104,"column":6},"end":{"line":104,"column":48}},"25":{"start":{"line":106,"column":25},"end":{"line":106,"column":69}},"26":{"start":{"line":106,"column":53},"end":{"line":106,"column":68}},"27":{"start":{"line":107,"column":6},"end":{"line":107,"column":40}},"28":{"start":{"line":112,"column":4},"end":{"line":112,"column":27}},"29":{"start":{"line":116,"column":4},"end":{"line":116,"column":21}},"30":{"start":{"line":120,"column":24},"end":{"line":120,"column":47}},"31":{"start":{"line":121,"column":4},"end":{"line":129,"column":null}},"32":{"start":{"line":122,"column":6},"end":{"line":122,"column":25}},"33":{"start":{"line":123,"column":19},"end":{"line":123,"column":45}},"34":{"start":{"line":124,"column":6},"end":{"line":124,"column":49}},"35":{"start":{"line":125,"column":6},"end":{"line":125,"column":42}},"36":{"start":{"line":126,"column":6},"end":{"line":126,"column":44}},"37":{"start":{"line":128,"column":6},"end":{"line":128,"column":51}},"38":{"start":{"line":131,"column":4},"end":{"line":131,"column":18}},"39":{"start":{"line":134,"column":4},"end":{"line":134,"column":29}},"40":{"start":{"line":138,"column":4},"end":{"line":138,"column":37}},"41":{"start":{"line":142,"column":4},"end":{"line":142,"column":30}},"42":{"start":{"line":143,"column":4},"end":{"line":150,"column":null}},"43":{"start":{"line":144,"column":6},"end":{"line":146,"column":null}},"44":{"start":{"line":145,"column":8},"end":{"line":145,"column":34}},"45":{"start":{"line":147,"column":6},"end":{"line":147,"column":39}},"46":{"start":{"line":149,"column":6},"end":{"line":149,"column":36}},"47":{"start":{"line":154,"column":4},"end":{"line":162,"column":null}},"48":{"start":{"line":155,"column":30},"end":{"line":155,"column":50}},"49":{"start":{"line":156,"column":6},"end":{"line":159,"column":null}},"50":{"start":{"line":157,"column":8},"end":{"line":157,"column":null}},"51":{"start":{"line":158,"column":8},"end":{"line":158,"column":null}},"52":{"start":{"line":161,"column":6},"end":{"line":161,"column":40}},"53":{"start":{"line":167,"column":4},"end":{"line":167,"column":38}},"54":{"start":{"line":170,"column":4},"end":{"line":170,"column":25}},"55":{"start":{"line":174,"column":4},"end":{"line":174,"column":27}},"56":{"start":{"line":177,"column":4},"end":{"line":177,"column":29}},"57":{"start":{"line":180,"column":4},"end":{"line":180,"column":25}},"58":{"start":{"line":183,"column":4},"end":{"line":183,"column":22}},"59":{"start":{"line":187,"column":36},"end":{"line":192,"column":null}},"60":{"start":{"line":194,"column":4},"end":{"line":194,"column":72}},"61":{"start":{"line":197,"column":36},"end":{"line":201,"column":null}},"62":{"start":{"line":203,"column":24},"end":{"line":203,"column":79}},"63":{"start":{"line":204,"column":21},"end":{"line":204,"column":39}},"64":{"start":{"line":205,"column":19},"end":{"line":205,"column":44}},"65":{"start":{"line":205,"column":37},"end":{"line":205,"column":43}},"66":{"start":{"line":206,"column":4},"end":{"line":206,"column":null}},"67":{"start":{"line":210,"column":44},"end":{"line":215,"column":6}},"68":{"start":{"line":216,"column":44},"end":{"line":223,"column":null}},"69":{"start":{"line":225,"column":22},"end":{"line":225,"column":82}},"70":{"start":{"line":226,"column":39},"end":{"line":226,"column":77}},"71":{"start":{"line":227,"column":40},"end":{"line":227,"column":79}},"72":{"start":{"line":228,"column":4},"end":{"line":228,"column":45}},"73":{"start":{"line":230,"column":19},"end":{"line":230,"column":57}},"74":{"start":{"line":230,"column":37},"end":{"line":230,"column":47}},"75":{"start":{"line":231,"column":4},"end":{"line":231,"column":null}},"76":{"start":{"line":237,"column":4},"end":{"line":268,"column":7}},"77":{"start":{"line":238,"column":38},"end":{"line":243,"column":null}},"78":{"start":{"line":244,"column":38},"end":{"line":251,"column":null}},"79":{"start":{"line":253,"column":6},"end":{"line":267,"column":null}},"80":{"start":{"line":254,"column":23},"end":{"line":254,"column":40}},"81":{"start":{"line":255,"column":8},"end":{"line":266,"column":null}},"82":{"start":{"line":256,"column":10},"end":{"line":256,"column":null}},"83":{"start":{"line":257,"column":10},"end":{"line":257,"column":null}},"84":{"start":{"line":259,"column":10},"end":{"line":265,"column":null}},"85":{"start":{"line":261,"column":12},"end":{"line":261,"column":null}},"86":{"start":{"line":262,"column":12},"end":{"line":262,"column":70}},"87":{"start":{"line":263,"column":12},"end":{"line":263,"column":42}},"88":{"start":{"line":264,"column":12},"end":{"line":264,"column":22}},"89":{"start":{"line":284,"column":42},"end":{"line":289,"column":6}},"90":{"start":{"line":290,"column":23},"end":{"line":293,"column":null}},"91":{"start":{"line":294,"column":22},"end":{"line":294,"column":76}},"92":{"start":{"line":295,"column":38},"end":{"line":295,"column":75}},"93":{"start":{"line":296,"column":4},"end":{"line":296,"column":39}},"94":{"start":{"line":296,"column":29},"end":{"line":296,"column":37}},"95":{"start":{"line":302,"column":4},"end":{"line":324,"column":null}},"96":{"start":{"line":303,"column":38},"end":{"line":308,"column":null}},"97":{"start":{"line":309,"column":19},"end":{"line":312,"column":null}},"98":{"start":{"line":313,"column":6},"end":{"line":323,"column":null}},"99":{"start":{"line":314,"column":23},"end":{"line":314,"column":40}},"100":{"start":{"line":315,"column":8},"end":{"line":322,"column":null}},"101":{"start":{"line":316,"column":10},"end":{"line":316,"column":null}},"102":{"start":{"line":317,"column":10},"end":{"line":319,"column":null}},"103":{"start":{"line":318,"column":12},"end":{"line":318,"column":22}},"104":{"start":{"line":321,"column":10},"end":{"line":321,"column":null}},"105":{"start":{"line":328,"column":4},"end":{"line":349,"column":null}},"106":{"start":{"line":329,"column":38},"end":{"line":334,"column":null}},"107":{"start":{"line":335,"column":19},"end":{"line":337,"column":null}},"108":{"start":{"line":338,"column":6},"end":{"line":348,"column":null}},"109":{"start":{"line":339,"column":23},"end":{"line":339,"column":40}},"110":{"start":{"line":340,"column":8},"end":{"line":347,"column":null}},"111":{"start":{"line":341,"column":10},"end":{"line":341,"column":null}},"112":{"start":{"line":346,"column":10},"end":{"line":346,"column":null}},"113":{"start":{"line":353,"column":4},"end":{"line":374,"column":null}},"114":{"start":{"line":354,"column":38},"end":{"line":359,"column":null}},"115":{"start":{"line":360,"column":19},"end":{"line":362,"column":null}},"116":{"start":{"line":363,"column":6},"end":{"line":373,"column":null}},"117":{"start":{"line":364,"column":23},"end":{"line":364,"column":40}},"118":{"start":{"line":365,"column":8},"end":{"line":372,"column":null}},"119":{"start":{"line":366,"column":10},"end":{"line":366,"column":null}},"120":{"start":{"line":371,"column":10},"end":{"line":371,"column":null}},"121":{"start":{"line":378,"column":36},"end":{"line":383,"column":6}},"122":{"start":{"line":384,"column":17},"end":{"line":387,"column":null}},"123":{"start":{"line":388,"column":4},"end":{"line":392,"column":null}},"124":{"start":{"line":389,"column":6},"end":{"line":389,"column":41}},"125":{"start":{"line":391,"column":6},"end":{"line":391,"column":58}},"126":{"start":{"line":395,"column":4},"end":{"line":395,"column":32}},"127":{"start":{"line":398,"column":4},"end":{"line":398,"column":23}},"128":{"start":{"line":61,"column":0},"end":{"line":61,"column":13}}},"fnMap":{"0":{"name":"(anonymous_0)","decl":{"start":{"line":72,"column":2},"end":{"line":72,"column":14}},"loc":{"start":{"line":72,"column":28},"end":{"line":82,"column":3}}},"1":{"name":"(anonymous_1)","decl":{"start":{"line":85,"column":10},"end":{"line":85,"column":15}},"loc":{"start":{"line":85,"column":27},"end":{"line":100,"column":3}}},"2":{"name":"(anonymous_2)","decl":{"start":{"line":88,"column":56},"end":{"line":88,"column":60}},"loc":{"start":{"line":88,"column":63},"end":{"line":98,"column":5}}},"3":{"name":"(anonymous_3)","decl":{"start":{"line":101,"column":2},"end":{"line":101,"column":7}},"loc":{"start":{"line":101,"column":38},"end":{"line":109,"column":3}}},"4":{"name":"(anonymous_4)","decl":{"start":{"line":106,"column":48},"end":{"line":106,"column":49}},"loc":{"start":{"line":106,"column":53},"end":{"line":106,"column":68}}},"5":{"name":"(anonymous_5)","decl":{"start":{"line":111,"column":2},"end":{"line":111,"column":12}},"loc":{"start":{"line":111,"column":30},"end":{"line":113,"column":3}}},"6":{"name":"(anonymous_6)","decl":{"start":{"line":115,"column":2},"end":{"line":115,"column":10}},"loc":{"start":{"line":115,"column":10},"end":{"line":117,"column":3}}},"7":{"name":"(anonymous_7)","decl":{"start":{"line":119,"column":2},"end":{"line":119,"column":7}},"loc":{"start":{"line":119,"column":30},"end":{"line":132,"column":3}}},"8":{"name":"(anonymous_8)","decl":{"start":{"line":133,"column":2},"end":{"line":133,"column":13}},"loc":{"start":{"line":133,"column":30},"end":{"line":135,"column":3}}},"9":{"name":"(anonymous_9)","decl":{"start":{"line":137,"column":2},"end":{"line":137,"column":17}},"loc":{"start":{"line":137,"column":38},"end":{"line":139,"column":3}}},"10":{"name":"(anonymous_10)","decl":{"start":{"line":141,"column":2},"end":{"line":141,"column":14}},"loc":{"start":{"line":141,"column":39},"end":{"line":151,"column":3}}},"11":{"name":"(anonymous_11)","decl":{"start":{"line":153,"column":2},"end":{"line":153,"column":17}},"loc":{"start":{"line":153,"column":45},"end":{"line":163,"column":3}}},"12":{"name":"(anonymous_12)","decl":{"start":{"line":166,"column":2},"end":{"line":166,"column":23}},"loc":{"start":{"line":166,"column":36},"end":{"line":168,"column":3}}},"13":{"name":"(anonymous_13)","decl":{"start":{"line":169,"column":2},"end":{"line":169,"column":21}},"loc":{"start":{"line":169,"column":21},"end":{"line":171,"column":3}}},"14":{"name":"(anonymous_14)","decl":{"start":{"line":173,"column":2},"end":{"line":173,"column":16}},"loc":{"start":{"line":173,"column":16},"end":{"line":175,"column":3}}},"15":{"name":"(anonymous_15)","decl":{"start":{"line":176,"column":2},"end":{"line":176,"column":7}},"loc":{"start":{"line":176,"column":24},"end":{"line":178,"column":3}}},"16":{"name":"(anonymous_16)","decl":{"start":{"line":179,"column":2},"end":{"line":179,"column":14}},"loc":{"start":{"line":179,"column":14},"end":{"line":181,"column":3}}},"17":{"name":"(anonymous_17)","decl":{"start":{"line":182,"column":2},"end":{"line":182,"column":11}},"loc":{"start":{"line":182,"column":11},"end":{"line":184,"column":3}}},"18":{"name":"(anonymous_18)","decl":{"start":{"line":186,"column":10},"end":{"line":186,"column":15}},"loc":{"start":{"line":186,"column":29},"end":{"line":195,"column":3}}},"19":{"name":"(anonymous_19)","decl":{"start":{"line":196,"column":2},"end":{"line":196,"column":7}},"loc":{"start":{"line":196,"column":18},"end":{"line":207,"column":3}}},"20":{"name":"(anonymous_20)","decl":{"start":{"line":205,"column":32},"end":{"line":205,"column":33}},"loc":{"start":{"line":205,"column":37},"end":{"line":205,"column":43}}},"21":{"name":"(anonymous_21)","decl":{"start":{"line":209,"column":2},"end":{"line":209,"column":7}},"loc":{"start":{"line":209,"column":31},"end":{"line":233,"column":3}}},"22":{"name":"(anonymous_22)","decl":{"start":{"line":230,"column":32},"end":{"line":230,"column":33}},"loc":{"start":{"line":230,"column":37},"end":{"line":230,"column":47}}},"23":{"name":"(anonymous_23)","decl":{"start":{"line":236,"column":2},"end":{"line":236,"column":19}},"loc":{"start":{"line":236,"column":226},"end":{"line":269,"column":3}}},"24":{"name":"(anonymous_24)","decl":{"start":{"line":237,"column":23},"end":{"line":237,"column":24}},"loc":{"start":{"line":237,"column":43},"end":{"line":268,"column":5}}},"25":{"name":"(anonymous_25)","decl":{"start":{"line":253,"column":47},"end":{"line":253,"column":48}},"loc":{"start":{"line":253,"column":57},"end":{"line":267,"column":7}}},"26":{"name":"(anonymous_26)","decl":{"start":{"line":283,"column":2},"end":{"line":283,"column":7}},"loc":{"start":{"line":283,"column":51},"end":{"line":297,"column":3}}},"27":{"name":"(anonymous_27)","decl":{"start":{"line":296,"column":24},"end":{"line":296,"column":25}},"loc":{"start":{"line":296,"column":29},"end":{"line":296,"column":37}}},"28":{"name":"(anonymous_28)","decl":{"start":{"line":301,"column":2},"end":{"line":301,"column":17}},"loc":{"start":{"line":301,"column":102},"end":{"line":325,"column":3}}},"29":{"name":"(anonymous_29)","decl":{"start":{"line":302,"column":23},"end":{"line":302,"column":24}},"loc":{"start":{"line":302,"column":43},"end":{"line":324,"column":5}}},"30":{"name":"(anonymous_30)","decl":{"start":{"line":313,"column":45},"end":{"line":313,"column":50}},"loc":{"start":{"line":313,"column":61},"end":{"line":323,"column":7}}},"31":{"name":"(anonymous_31)","decl":{"start":{"line":327,"column":2},"end":{"line":327,"column":7}},"loc":{"start":{"line":327,"column":87},"end":{"line":350,"column":3}}},"32":{"name":"(anonymous_32)","decl":{"start":{"line":328,"column":23},"end":{"line":328,"column":24}},"loc":{"start":{"line":328,"column":43},"end":{"line":349,"column":5}}},"33":{"name":"(anonymous_33)","decl":{"start":{"line":338,"column":43},"end":{"line":338,"column":48}},"loc":{"start":{"line":338,"column":59},"end":{"line":348,"column":7}}},"34":{"name":"(anonymous_34)","decl":{"start":{"line":352,"column":2},"end":{"line":352,"column":7}},"loc":{"start":{"line":352,"column":87},"end":{"line":375,"column":3}}},"35":{"name":"(anonymous_35)","decl":{"start":{"line":353,"column":23},"end":{"line":353,"column":24}},"loc":{"start":{"line":353,"column":43},"end":{"line":374,"column":5}}},"36":{"name":"(anonymous_36)","decl":{"start":{"line":363,"column":43},"end":{"line":363,"column":48}},"loc":{"start":{"line":363,"column":59},"end":{"line":373,"column":7}}},"37":{"name":"(anonymous_37)","decl":{"start":{"line":377,"column":2},"end":{"line":377,"column":7}},"loc":{"start":{"line":377,"column":56},"end":{"line":393,"column":3}}},"38":{"name":"(anonymous_38)","decl":{"start":{"line":394,"column":2},"end":{"line":394,"column":13}},"loc":{"start":{"line":394,"column":24},"end":{"line":396,"column":3}}},"39":{"name":"(anonymous_39)","decl":{"start":{"line":397,"column":2},"end":{"line":397,"column":13}},"loc":{"start":{"line":397,"column":24},"end":{"line":399,"column":3}}}},"branchMap":{"0":{"loc":{"start":{"line":73,"column":4},"end":{"line":81,"column":null}},"type":"if","locations":[{"start":{"line":73,"column":4},"end":{"line":81,"column":null}},{"start":{"line":75,"column":11},"end":{"line":81,"column":null}}]},"1":{"loc":{"start":{"line":76,"column":6},"end":{"line":80,"column":null}},"type":"if","locations":[{"start":{"line":76,"column":6},"end":{"line":80,"column":null}},{"start":{"line":78,"column":13},"end":{"line":80,"column":null}}]},"2":{"loc":{"start":{"line":90,"column":6},"end":{"line":97,"column":null}},"type":"if","locations":[{"start":{"line":90,"column":6},"end":{"line":97,"column":null}},{"start":{"line":95,"column":13},"end":{"line":97,"column":null}}]},"3":{"loc":{"start":{"line":91,"column":8},"end":{"line":93,"column":null}},"type":"if","locations":[{"start":{"line":91,"column":8},"end":{"line":93,"column":null}}]},"4":{"loc":{"start":{"line":103,"column":4},"end":{"line":108,"column":null}},"type":"if","locations":[{"start":{"line":103,"column":4},"end":{"line":108,"column":null}},{"start":{"line":105,"column":11},"end":{"line":108,"column":null}}]},"5":{"loc":{"start":{"line":121,"column":4},"end":{"line":129,"column":null}},"type":"if","locations":[{"start":{"line":121,"column":4},"end":{"line":129,"column":null}},{"start":{"line":127,"column":11},"end":{"line":129,"column":null}}]},"6":{"loc":{"start":{"line":125,"column":22},"end":{"line":125,"column":41}},"type":"binary-expr","locations":[{"start":{"line":125,"column":22},"end":{"line":125,"column":35}},{"start":{"line":125,"column":39},"end":{"line":125,"column":41}}]},"7":{"loc":{"start":{"line":126,"column":26},"end":{"line":126,"column":43}},"type":"binary-expr","locations":[{"start":{"line":126,"column":26},"end":{"line":126,"column":37}},{"start":{"line":126,"column":41},"end":{"line":126,"column":43}}]},"8":{"loc":{"start":{"line":143,"column":4},"end":{"line":150,"column":null}},"type":"if","locations":[{"start":{"line":143,"column":4},"end":{"line":150,"column":null}},{"start":{"line":148,"column":11},"end":{"line":150,"column":null}}]},"9":{"loc":{"start":{"line":144,"column":6},"end":{"line":146,"column":null}},"type":"if","locations":[{"start":{"line":144,"column":6},"end":{"line":146,"column":null}}]},"10":{"loc":{"start":{"line":154,"column":4},"end":{"line":162,"column":null}},"type":"if","locations":[{"start":{"line":154,"column":4},"end":{"line":162,"column":null}},{"start":{"line":160,"column":11},"end":{"line":162,"column":null}}]},"11":{"loc":{"start":{"line":156,"column":6},"end":{"line":159,"column":null}},"type":"if","locations":[{"start":{"line":156,"column":6},"end":{"line":159,"column":null}}]},"12":{"loc":{"start":{"line":236,"column":36},"end":{"line":236,"column":82}},"type":"default-arg","locations":[{"start":{"line":236,"column":78},"end":{"line":236,"column":82}}]},"13":{"loc":{"start":{"line":236,"column":84},"end":{"line":236,"column":129}},"type":"default-arg","locations":[{"start":{"line":236,"column":125},"end":{"line":236,"column":129}}]},"14":{"loc":{"start":{"line":236,"column":131},"end":{"line":236,"column":181}},"type":"default-arg","locations":[{"start":{"line":236,"column":177},"end":{"line":236,"column":181}}]},"15":{"loc":{"start":{"line":236,"column":183},"end":{"line":236,"column":226}},"type":"default-arg","locations":[{"start":{"line":236,"column":222},"end":{"line":236,"column":226}}]},"16":{"loc":{"start":{"line":255,"column":8},"end":{"line":266,"column":null}},"type":"if","locations":[{"start":{"line":255,"column":8},"end":{"line":266,"column":null}},{"start":{"line":258,"column":15},"end":{"line":266,"column":null}}]},"17":{"loc":{"start":{"line":256,"column":10},"end":{"line":256,"column":74}},"type":"binary-expr","locations":[{"start":{"line":256,"column":10},"end":{"line":256,"column":28}},{"start":{"line":256,"column":32},"end":{"line":256,"column":74}}]},"18":{"loc":{"start":{"line":257,"column":10},"end":{"line":257,"column":59}},"type":"binary-expr","locations":[{"start":{"line":257,"column":10},"end":{"line":257,"column":24}},{"start":{"line":257,"column":28},"end":{"line":257,"column":59}}]},"19":{"loc":{"start":{"line":259,"column":10},"end":{"line":265,"column":null}},"type":"if","locations":[{"start":{"line":259,"column":10},"end":{"line":265,"column":null}}]},"20":{"loc":{"start":{"line":261,"column":12},"end":{"line":261,"column":62}},"type":"binary-expr","locations":[{"start":{"line":261,"column":12},"end":{"line":261,"column":23}},{"start":{"line":261,"column":27},"end":{"line":261,"column":62}}]},"21":{"loc":{"start":{"line":262,"column":12},"end":{"line":262,"column":69}},"type":"binary-expr","locations":[{"start":{"line":262,"column":12},"end":{"line":262,"column":25}},{"start":{"line":262,"column":29},"end":{"line":262,"column":69}}]},"22":{"loc":{"start":{"line":301,"column":56},"end":{"line":301,"column":102}},"type":"default-arg","locations":[{"start":{"line":301,"column":98},"end":{"line":301,"column":102}}]},"23":{"loc":{"start":{"line":315,"column":8},"end":{"line":322,"column":null}},"type":"if","locations":[{"start":{"line":315,"column":8},"end":{"line":322,"column":null}},{"start":{"line":320,"column":15},"end":{"line":322,"column":null}}]},"24":{"loc":{"start":{"line":316,"column":10},"end":{"line":316,"column":57}},"type":"binary-expr","locations":[{"start":{"line":316,"column":10},"end":{"line":316,"column":24}},{"start":{"line":316,"column":28},"end":{"line":316,"column":57}}]},"25":{"loc":{"start":{"line":317,"column":10},"end":{"line":319,"column":null}},"type":"if","locations":[{"start":{"line":317,"column":10},"end":{"line":319,"column":null}}]},"26":{"loc":{"start":{"line":321,"column":10},"end":{"line":321,"column":50}},"type":"binary-expr","locations":[{"start":{"line":321,"column":10},"end":{"line":321,"column":24}},{"start":{"line":321,"column":28},"end":{"line":321,"column":50}}]},"27":{"loc":{"start":{"line":327,"column":41},"end":{"line":327,"column":87}},"type":"default-arg","locations":[{"start":{"line":327,"column":83},"end":{"line":327,"column":87}}]},"28":{"loc":{"start":{"line":340,"column":8},"end":{"line":347,"column":null}},"type":"if","locations":[{"start":{"line":340,"column":8},"end":{"line":347,"column":null}},{"start":{"line":345,"column":15},"end":{"line":347,"column":null}}]},"29":{"loc":{"start":{"line":341,"column":10},"end":{"line":341,"column":57}},"type":"binary-expr","locations":[{"start":{"line":341,"column":10},"end":{"line":341,"column":24}},{"start":{"line":341,"column":28},"end":{"line":341,"column":57}}]},"30":{"loc":{"start":{"line":346,"column":10},"end":{"line":346,"column":50}},"type":"binary-expr","locations":[{"start":{"line":346,"column":10},"end":{"line":346,"column":24}},{"start":{"line":346,"column":28},"end":{"line":346,"column":50}}]},"31":{"loc":{"start":{"line":352,"column":41},"end":{"line":352,"column":87}},"type":"default-arg","locations":[{"start":{"line":352,"column":83},"end":{"line":352,"column":87}}]},"32":{"loc":{"start":{"line":365,"column":8},"end":{"line":372,"column":null}},"type":"if","locations":[{"start":{"line":365,"column":8},"end":{"line":372,"column":null}},{"start":{"line":370,"column":15},"end":{"line":372,"column":null}}]},"33":{"loc":{"start":{"line":366,"column":10},"end":{"line":366,"column":57}},"type":"binary-expr","locations":[{"start":{"line":366,"column":10},"end":{"line":366,"column":24}},{"start":{"line":366,"column":28},"end":{"line":366,"column":57}}]},"34":{"loc":{"start":{"line":371,"column":10},"end":{"line":371,"column":50}},"type":"binary-expr","locations":[{"start":{"line":371,"column":10},"end":{"line":371,"column":24}},{"start":{"line":371,"column":28},"end":{"line":371,"column":50}}]},"35":{"loc":{"start":{"line":388,"column":4},"end":{"line":392,"column":null}},"type":"if","locations":[{"start":{"line":388,"column":4},"end":{"line":392,"column":null}},{"start":{"line":390,"column":11},"end":{"line":392,"column":null}}]}},"s":{"0":2,"1":4,"2":4,"3":4,"4":4,"5":4,"6":4,"7":4,"8":3,"9":1,"10":0,"11":1,"12":0,"13":0,"14":0,"15":0,"16":0,"17":0,"18":0,"19":0,"20":0,"21":0,"22":0,"23":0,"24":0,"25":0,"26":0,"27":0,"28":0,"29":2,"30":1,"31":0,"32":0,"33":0,"34":0,"35":0,"36":0,"37":0,"38":0,"39":0,"40":0,"41":0,"42":0,"43":0,"44":0,"45":0,"46":0,"47":0,"48":0,"49":0,"50":0,"51":0,"52":0,"53":0,"54":0,"55":0,"56":0,"57":0,"58":0,"59":0,"60":0,"61":1,"62":1,"63":0,"64":0,"65":0,"66":0,"67":0,"68":0,"69":0,"70":0,"71":0,"72":0,"73":0,"74":0,"75":0,"76":0,"77":0,"78":0,"79":0,"80":0,"81":0,"82":0,"83":0,"84":0,"85":0,"86":0,"87":0,"88":0,"89":0,"90":0,"91":0,"92":0,"93":0,"94":0,"95":0,"96":0,"97":0,"98":0,"99":0,"100":0,"101":0,"102":0,"103":0,"104":0,"105":0,"106":0,"107":0,"108":0,"109":0,"110":0,"111":0,"112":0,"113":0,"114":0,"115":0,"116":0,"117":0,"118":0,"119":0,"120":0,"121":0,"122":0,"123":0,"124":0,"125":0,"126":0,"127":0,"128":2},"f":{"0":4,"1":0,"2":0,"3":0,"4":0,"5":0,"6":2,"7":1,"8":0,"9":0,"10":0,"11":0,"12":0,"13":0,"14":0,"15":0,"16":0,"17":0,"18":0,"19":1,"20":0,"21":0,"22":0,"23":0,"24":0,"25":0,"26":0,"27":0,"28":0,"29":0,"30":0,"31":0,"32":0,"33":0,"34":0,"35":0,"36":0,"37":0,"38":0,"39":0},"b":{"0":[3,1],"1":[0,1],"2":[0,0],"3":[0],"4":[0,0],"5":[0,0],"6":[0,0],"7":[0,0],"8":[0,0],"9":[0],"10":[0,0],"11":[0],"12":[0],"13":[0],"14":[0],"15":[0],"16":[0,0],"17":[0,0],"18":[0,0],"19":[0],"20":[0,0],"21":[0,0],"22":[0],"23":[0,0],"24":[0,0],"25":[0],"26":[0,0],"27":[0],"28":[0,0],"29":[0,0],"30":[0,0],"31":[0],"32":[0,0],"33":[0,0],"34":[0,0],"35":[0,0]}}
,"/Users/matt/projects/code/ollama-class/src/utility.ts": {"path":"/Users/matt/projects/code/ollama-class/src/utility.ts","statementMap":{"0":{"start":{"line":1,"column":0},"end":{"line":1,"column":79}},"1":{"start":{"line":81,"column":2},"end":{"line":99,"column":5}},"2":{"start":{"line":82,"column":16},"end":{"line":95,"column":6}},"3":{"start":{"line":83,"column":25},"end":{"line":83,"column":49}},"4":{"start":{"line":84,"column":6},"end":{"line":86,"column":null}},"5":{"start":{"line":85,"column":8},"end":{"line":85,"column":84}},"6":{"start":{"line":87,"column":29},"end":{"line":87,"column":31}},"7":{"start":{"line":89,"column":6},"end":{"line":89,"column":67}},"8":{"start":{"line":89,"column":49},"end":{"line":89,"column":65}},"9":{"start":{"line":90,"column":6},"end":{"line":94,"column":9}},"10":{"start":{"line":91,"column":23},"end":{"line":91,"column":36}},"11":{"start":{"line":92,"column":23},"end":{"line":92,"column":41}},"12":{"start":{"line":93,"column":8},"end":{"line":93,"column":null}},"13":{"start":{"line":97,"column":4},"end":{"line":97,"column":28}},"14":{"start":{"line":98,"column":4},"end":{"line":98,"column":14}},"15":{"start":{"line":80,"column":0},"end":{"line":80,"column":16}},"16":{"start":{"line":103,"column":2},"end":{"line":123,"column":null}},"17":{"start":{"line":104,"column":16},"end":{"line":119,"column":6}},"18":{"start":{"line":105,"column":25},"end":{"line":105,"column":49}},"19":{"start":{"line":106,"column":6},"end":{"line":108,"column":null}},"20":{"start":{"line":107,"column":8},"end":{"line":107,"column":84}},"21":{"start":{"line":109,"column":29},"end":{"line":109,"column":31}},"22":{"start":{"line":112,"column":6},"end":{"line":112,"column":67}},"23":{"start":{"line":112,"column":49},"end":{"line":112,"column":65}},"24":{"start":{"line":113,"column":6},"end":{"line":118,"column":9}},"25":{"start":{"line":115,"column":23},"end":{"line":115,"column":36}},"26":{"start":{"line":116,"column":23},"end":{"line":116,"column":41}},"27":{"start":{"line":117,"column":8},"end":{"line":117,"column":null}},"28":{"start":{"line":120,"column":4},"end":{"line":120,"column":49}},"29":{"start":{"line":121,"column":4},"end":{"line":121,"column":28}},"30":{"start":{"line":122,"column":4},"end":{"line":122,"column":14}},"31":{"start":{"line":102,"column":0},"end":{"line":102,"column":16}},"32":{"start":{"line":128,"column":2},"end":{"line":148,"column":null}},"33":{"start":{"line":130,"column":16},"end":{"line":144,"column":6}},"34":{"start":{"line":132,"column":25},"end":{"line":132,"column":49}},"35":{"start":{"line":133,"column":6},"end":{"line":135,"column":null}},"36":{"start":{"line":134,"column":8},"end":{"line":134,"column":84}},"37":{"start":{"line":136,"column":29},"end":{"line":136,"column":31}},"38":{"start":{"line":138,"column":6},"end":{"line":138,"column":67}},"39":{"start":{"line":138,"column":49},"end":{"line":138,"column":65}},"40":{"start":{"line":139,"column":6},"end":{"line":143,"column":9}},"41":{"start":{"line":140,"column":23},"end":{"line":140,"column":36}},"42":{"start":{"line":141,"column":23},"end":{"line":141,"column":41}},"43":{"start":{"line":142,"column":8},"end":{"line":142,"column":null}},"44":{"start":{"line":145,"column":4},"end":{"line":145,"column":43}},"45":{"start":{"line":146,"column":4},"end":{"line":146,"column":28}},"46":{"start":{"line":147,"column":4},"end":{"line":147,"column":14}},"47":{"start":{"line":127,"column":0},"end":{"line":127,"column":16}},"48":{"start":{"line":153,"column":19},"end":{"line":153,"column":21}},"49":{"start":{"line":154,"column":2},"end":{"line":172,"column":5}},"50":{"start":{"line":155,"column":16},"end":{"line":168,"column":6}},"51":{"start":{"line":156,"column":25},"end":{"line":156,"column":49}},"52":{"start":{"line":157,"column":6},"end":{"line":159,"column":null}},"53":{"start":{"line":158,"column":8},"end":{"line":158,"column":84}},"54":{"start":{"line":160,"column":6},"end":{"line":162,"column":9}},"55":{"start":{"line":161,"column":8},"end":{"line":161,"column":37}},"56":{"start":{"line":163,"column":6},"end":{"line":167,"column":9}},"57":{"start":{"line":164,"column":22},"end":{"line":164,"column":43}},"58":{"start":{"line":165,"column":25},"end":{"line":165,"column":56}},"59":{"start":{"line":166,"column":8},"end":{"line":166,"column":37}},"60":{"start":{"line":169,"column":4},"end":{"line":169,"column":40}},"61":{"start":{"line":170,"column":4},"end":{"line":170,"column":28}},"62":{"start":{"line":171,"column":4},"end":{"line":171,"column":14}},"63":{"start":{"line":152,"column":0},"end":{"line":152,"column":16}},"64":{"start":{"line":176,"column":14},"end":{"line":196,"column":4}},"65":{"start":{"line":177,"column":4},"end":{"line":189,"column":7}},"66":{"start":{"line":179,"column":23},"end":{"line":179,"column":39}},"67":{"start":{"line":180,"column":20},"end":{"line":180,"column":56}},"68":{"start":{"line":182,"column":6},"end":{"line":188,"column":null}},"69":{"start":{"line":183,"column":8},"end":{"line":183,"column":23}},"70":{"start":{"line":185,"column":8},"end":{"line":187,"column":null}},"71":{"start":{"line":186,"column":10},"end":{"line":186,"column":null}},"72":{"start":{"line":190,"column":4},"end":{"line":192,"column":null}},"73":{"start":{"line":191,"column":6},"end":{"line":191,"column":56}},"74":{"start":{"line":193,"column":4},"end":{"line":195,"column":7}},"75":{"start":{"line":198,"column":2},"end":{"line":200,"column":5}},"76":{"start":{"line":199,"column":4},"end":{"line":199,"column":53}},"77":{"start":{"line":203,"column":2},"end":{"line":203,"column":38}},"78":{"start":{"line":204,"column":2},"end":{"line":204,"column":12}},"79":{"start":{"line":175,"column":0},"end":{"line":175,"column":16}},"80":{"start":{"line":209,"column":34},"end":{"line":209,"column":36}},"81":{"start":{"line":211,"column":14},"end":{"line":211,"column":30}},"82":{"start":{"line":212,"column":2},"end":{"line":212,"column":132}},"83":{"start":{"line":213,"column":36},"end":{"line":217,"column":4}},"84":{"start":{"line":214,"column":4},"end":{"line":214,"column":32}},"85":{"start":{"line":215,"column":4},"end":{"line":215,"column":28}},"86":{"start":{"line":216,"column":4},"end":{"line":216,"column":14}},"87":{"start":{"line":218,"column":2},"end":{"line":221,"column":null}},"88":{"start":{"line":219,"column":4},"end":{"line":219,"column":33}},"89":{"start":{"line":220,"column":4},"end":{"line":220,"column":28}},"90":{"start":{"line":208,"column":0},"end":{"line":208,"column":7}}},"fnMap":{"0":{"name":"requestList","decl":{"start":{"line":80,"column":16},"end":{"line":80,"column":27}},"loc":{"start":{"line":80,"column":51},"end":{"line":100,"column":1}}},"1":{"name":"(anonymous_1)","decl":{"start":{"line":81,"column":21},"end":{"line":81,"column":22}},"loc":{"start":{"line":81,"column":41},"end":{"line":99,"column":3}}},"2":{"name":"(anonymous_2)","decl":{"start":{"line":82,"column":33},"end":{"line":82,"column":34}},"loc":{"start":{"line":82,"column":46},"end":{"line":95,"column":5}}},"3":{"name":"(anonymous_3)","decl":{"start":{"line":89,"column":30},"end":{"line":89,"column":31}},"loc":{"start":{"line":89,"column":49},"end":{"line":89,"column":65}}},"4":{"name":"(anonymous_4)","decl":{"start":{"line":90,"column":25},"end":{"line":90,"column":28}},"loc":{"start":{"line":90,"column":30},"end":{"line":94,"column":7}}},"5":{"name":"requestShowInfo","decl":{"start":{"line":102,"column":16},"end":{"line":102,"column":31}},"loc":{"start":{"line":102,"column":70},"end":{"line":125,"column":1}}},"6":{"name":"(anonymous_6)","decl":{"start":{"line":103,"column":21},"end":{"line":103,"column":22}},"loc":{"start":{"line":103,"column":41},"end":{"line":123,"column":3}}},"7":{"name":"(anonymous_7)","decl":{"start":{"line":104,"column":33},"end":{"line":104,"column":34}},"loc":{"start":{"line":104,"column":46},"end":{"line":119,"column":5}}},"8":{"name":"(anonymous_8)","decl":{"start":{"line":112,"column":30},"end":{"line":112,"column":31}},"loc":{"start":{"line":112,"column":49},"end":{"line":112,"column":65}}},"9":{"name":"(anonymous_9)","decl":{"start":{"line":113,"column":25},"end":{"line":113,"column":28}},"loc":{"start":{"line":113,"column":30},"end":{"line":118,"column":7}}},"10":{"name":"requestDelete","decl":{"start":{"line":127,"column":16},"end":{"line":127,"column":29}},"loc":{"start":{"line":127,"column":68},"end":{"line":150,"column":1}}},"11":{"name":"(anonymous_11)","decl":{"start":{"line":128,"column":21},"end":{"line":128,"column":22}},"loc":{"start":{"line":128,"column":41},"end":{"line":148,"column":3}}},"12":{"name":"(anonymous_12)","decl":{"start":{"line":130,"column":33},"end":{"line":130,"column":34}},"loc":{"start":{"line":130,"column":46},"end":{"line":144,"column":5}}},"13":{"name":"(anonymous_13)","decl":{"start":{"line":138,"column":30},"end":{"line":138,"column":31}},"loc":{"start":{"line":138,"column":49},"end":{"line":138,"column":65}}},"14":{"name":"(anonymous_14)","decl":{"start":{"line":139,"column":25},"end":{"line":139,"column":28}},"loc":{"start":{"line":139,"column":30},"end":{"line":143,"column":7}}},"15":{"name":"requestPost","decl":{"start":{"line":152,"column":16},"end":{"line":152,"column":27}},"loc":{"start":{"line":152,"column":108},"end":{"line":173,"column":1}}},"16":{"name":"(anonymous_16)","decl":{"start":{"line":154,"column":21},"end":{"line":154,"column":22}},"loc":{"start":{"line":154,"column":41},"end":{"line":172,"column":3}}},"17":{"name":"(anonymous_17)","decl":{"start":{"line":155,"column":33},"end":{"line":155,"column":34}},"loc":{"start":{"line":155,"column":46},"end":{"line":168,"column":5}}},"18":{"name":"(anonymous_18)","decl":{"start":{"line":160,"column":30},"end":{"line":160,"column":31}},"loc":{"start":{"line":160,"column":48},"end":{"line":162,"column":7}}},"19":{"name":"(anonymous_19)","decl":{"start":{"line":163,"column":25},"end":{"line":163,"column":28}},"loc":{"start":{"line":163,"column":30},"end":{"line":167,"column":7}}},"20":{"name":"streamingPost","decl":{"start":{"line":175,"column":16},"end":{"line":175,"column":29}},"loc":{"start":{"line":175,"column":142},"end":{"line":205,"column":1}}},"21":{"name":"(anonymous_21)","decl":{"start":{"line":176,"column":31},"end":{"line":176,"column":32}},"loc":{"start":{"line":176,"column":39},"end":{"line":196,"column":3}}},"22":{"name":"(anonymous_22)","decl":{"start":{"line":177,"column":23},"end":{"line":177,"column":24}},"loc":{"start":{"line":177,"column":41},"end":{"line":189,"column":5}}},"23":{"name":"(anonymous_23)","decl":{"start":{"line":190,"column":20},"end":{"line":190,"column":21}},"loc":{"start":{"line":190,"column":30},"end":{"line":192,"column":5}}},"24":{"name":"(anonymous_24)","decl":{"start":{"line":193,"column":18},"end":{"line":193,"column":21}},"loc":{"start":{"line":193,"column":23},"end":{"line":195,"column":5}}},"25":{"name":"(anonymous_25)","decl":{"start":{"line":198,"column":18},"end":{"line":198,"column":19}},"loc":{"start":{"line":198,"column":28},"end":{"line":200,"column":3}}},"26":{"name":"streamingGenerate","decl":{"start":{"line":208,"column":23},"end":{"line":208,"column":40}},"loc":{"start":{"line":208,"column":149},"end":{"line":223,"column":1}}},"27":{"name":"(anonymous_27)","decl":{"start":{"line":213,"column":54},"end":{"line":213,"column":55}},"loc":{"start":{"line":213,"column":74},"end":{"line":217,"column":3}}}},"branchMap":{"0":{"loc":{"start":{"line":83,"column":25},"end":{"line":83,"column":49}},"type":"binary-expr","locations":[{"start":{"line":83,"column":25},"end":{"line":83,"column":44}},{"start":{"line":83,"column":48},"end":{"line":83,"column":49}}]},"1":{"loc":{"start":{"line":84,"column":6},"end":{"line":86,"column":null}},"type":"if","locations":[{"start":{"line":84,"column":6},"end":{"line":86,"column":null}}]},"2":{"loc":{"start":{"line":84,"column":10},"end":{"line":84,"column":46}},"type":"binary-expr","locations":[{"start":{"line":84,"column":10},"end":{"line":84,"column":26}},{"start":{"line":84,"column":30},"end":{"line":84,"column":46}}]},"3":{"loc":{"start":{"line":105,"column":25},"end":{"line":105,"column":49}},"type":"binary-expr","locations":[{"start":{"line":105,"column":25},"end":{"line":105,"column":44}},{"start":{"line":105,"column":48},"end":{"line":105,"column":49}}]},"4":{"loc":{"start":{"line":106,"column":6},"end":{"line":108,"column":null}},"type":"if","locations":[{"start":{"line":106,"column":6},"end":{"line":108,"column":null}}]},"5":{"loc":{"start":{"line":106,"column":10},"end":{"line":106,"column":46}},"type":"binary-expr","locations":[{"start":{"line":106,"column":10},"end":{"line":106,"column":26}},{"start":{"line":106,"column":30},"end":{"line":106,"column":46}}]},"6":{"loc":{"start":{"line":132,"column":25},"end":{"line":132,"column":49}},"type":"binary-expr","locations":[{"start":{"line":132,"column":25},"end":{"line":132,"column":44}},{"start":{"line":132,"column":48},"end":{"line":132,"column":49}}]},"7":{"loc":{"start":{"line":133,"column":6},"end":{"line":135,"column":null}},"type":"if","locations":[{"start":{"line":133,"column":6},"end":{"line":135,"column":null}}]},"8":{"loc":{"start":{"line":133,"column":10},"end":{"line":133,"column":46}},"type":"binary-expr","locations":[{"start":{"line":133,"column":10},"end":{"line":133,"column":26}},{"start":{"line":133,"column":30},"end":{"line":133,"column":46}}]},"9":{"loc":{"start":{"line":156,"column":25},"end":{"line":156,"column":49}},"type":"binary-expr","locations":[{"start":{"line":156,"column":25},"end":{"line":156,"column":44}},{"start":{"line":156,"column":48},"end":{"line":156,"column":49}}]},"10":{"loc":{"start":{"line":157,"column":6},"end":{"line":159,"column":null}},"type":"if","locations":[{"start":{"line":157,"column":6},"end":{"line":159,"column":null}}]},"11":{"loc":{"start":{"line":157,"column":10},"end":{"line":157,"column":46}},"type":"binary-expr","locations":[{"start":{"line":157,"column":10},"end":{"line":157,"column":26}},{"start":{"line":157,"column":30},"end":{"line":157,"column":46}}]},"12":{"loc":{"start":{"line":185,"column":8},"end":{"line":187,"column":null}},"type":"if","locations":[{"start":{"line":185,"column":8},"end":{"line":187,"column":null}}]}},"s":{"0":2,"1":1,"2":1,"3":1,"4":1,"5":0,"6":1,"7":1,"8":1,"9":1,"10":0,"11":0,"12":0,"13":1,"14":1,"15":2,"16":0,"17":0,"18":0,"19":0,"20":0,"21":0,"22":0,"23":0,"24":0,"25":0,"26":0,"27":0,"28":0,"29":0,"30":0,"31":2,"32":0,"33":0,"34":0,"35":0,"36":0,"37":0,"38":0,"39":0,"40":0,"41":0,"42":0,"43":0,"44":0,"45":0,"46":0,"47":2,"48":0,"49":0,"50":0,"51":0,"52":0,"53":0,"54":0,"55":0,"56":0,"57":0,"58":0,"59":0,"60":0,"61":0,"62":0,"63":2,"64":0,"65":0,"66":0,"67":0,"68":0,"69":0,"70":0,"71":0,"72":0,"73":0,"74":0,"75":0,"76":0,"77":0,"78":0,"79":2,"80":0,"81":0,"82":0,"83":0,"84":0,"85":0,"86":0,"87":0,"88":0,"89":0,"90":2},"f":{"0":1,"1":1,"2":1,"3":1,"4":0,"5":0,"6":0,"7":0,"8":0,"9":0,"10":0,"11":0,"12":0,"13":0,"14":0,"15":0,"16":0,"17":0,"18":0,"19":0,"20":0,"21":0,"22":0,"23":0,"24":0,"25":0,"26":0,"27":0},"b":{"0":[1,0],"1":[0],"2":[1,1],"3":[0,0],"4":[0],"5":[0,0],"6":[0,0],"7":[0],"8":[0,0],"9":[0,0],"10":[0],"11":[0,0],"12":[0]}}
}
