TN:
SF:src/ollama.ts
FN:72,(anonymous_0)
FN:85,(anonymous_1)
FN:88,(anonymous_2)
FN:101,(anonymous_3)
FN:106,(anonymous_4)
FN:111,(anonymous_5)
FN:115,(anonymous_6)
FN:119,(anonymous_7)
FN:133,(anonymous_8)
FN:137,(anonymous_9)
FN:141,(anonymous_10)
FN:153,(anonymous_11)
FN:166,(anonymous_12)
FN:169,(anonymous_13)
FN:173,(anonymous_14)
FN:176,(anonymous_15)
FN:179,(anonymous_16)
FN:182,(anonymous_17)
FN:186,(anonymous_18)
FN:196,(anonymous_19)
FN:205,(anonymous_20)
FN:209,(anonymous_21)
FN:230,(anonymous_22)
FN:236,(anonymous_23)
FN:237,(anonymous_24)
FN:253,(anonymous_25)
FN:283,(anonymous_26)
FN:296,(anonymous_27)
FN:301,(anonymous_28)
FN:302,(anonymous_29)
FN:313,(anonymous_30)
FN:327,(anonymous_31)
FN:328,(anonymous_32)
FN:338,(anonymous_33)
FN:352,(anonymous_34)
FN:353,(anonymous_35)
FN:363,(anonymous_36)
FN:377,(anonymous_37)
FN:394,(anonymous_38)
FN:397,(anonymous_39)
FNF:40
FNH:4
FNDA:4,(anonymous_0)
FNDA:0,(anonymous_1)
FNDA:0,(anonymous_2)
FNDA:0,(anonymous_3)
FNDA:0,(anonymous_4)
FNDA:0,(anonymous_5)
FNDA:2,(anonymous_6)
FNDA:1,(anonymous_7)
FNDA:0,(anonymous_8)
FNDA:0,(anonymous_9)
FNDA:0,(anonymous_10)
FNDA:0,(anonymous_11)
FNDA:0,(anonymous_12)
FNDA:0,(anonymous_13)
FNDA:0,(anonymous_14)
FNDA:0,(anonymous_15)
FNDA:0,(anonymous_16)
FNDA:0,(anonymous_17)
FNDA:0,(anonymous_18)
FNDA:1,(anonymous_19)
FNDA:0,(anonymous_20)
FNDA:0,(anonymous_21)
FNDA:0,(anonymous_22)
FNDA:0,(anonymous_23)
FNDA:0,(anonymous_24)
FNDA:0,(anonymous_25)
FNDA:0,(anonymous_26)
FNDA:0,(anonymous_27)
FNDA:0,(anonymous_28)
FNDA:0,(anonymous_29)
FNDA:0,(anonymous_30)
FNDA:0,(anonymous_31)
FNDA:0,(anonymous_32)
FNDA:0,(anonymous_33)
FNDA:0,(anonymous_34)
FNDA:0,(anonymous_35)
FNDA:0,(anonymous_36)
FNDA:0,(anonymous_37)
FNDA:0,(anonymous_38)
FNDA:0,(anonymous_39)
DA:1,2
DA:61,2
DA:63,4
DA:64,4
DA:65,4
DA:66,4
DA:67,4
DA:68,4
DA:73,4
DA:74,3
DA:76,1
DA:77,0
DA:79,1
DA:86,0
DA:87,0
DA:88,0
DA:89,0
DA:90,0
DA:91,0
DA:92,0
DA:94,0
DA:96,0
DA:99,0
DA:102,0
DA:103,0
DA:104,0
DA:106,0
DA:107,0
DA:112,0
DA:116,2
DA:120,1
DA:121,0
DA:122,0
DA:123,0
DA:124,0
DA:125,0
DA:126,0
DA:128,0
DA:131,0
DA:134,0
DA:138,0
DA:142,0
DA:143,0
DA:144,0
DA:145,0
DA:147,0
DA:149,0
DA:154,0
DA:155,0
DA:156,0
DA:157,0
DA:158,0
DA:161,0
DA:167,0
DA:170,0
DA:174,0
DA:177,0
DA:180,0
DA:183,0
DA:187,0
DA:194,0
DA:197,1
DA:203,1
DA:204,0
DA:205,0
DA:206,0
DA:210,0
DA:216,0
DA:225,0
DA:226,0
DA:227,0
DA:228,0
DA:230,0
DA:231,0
DA:237,0
DA:238,0
DA:244,0
DA:253,0
DA:254,0
DA:255,0
DA:256,0
DA:257,0
DA:259,0
DA:261,0
DA:262,0
DA:263,0
DA:264,0
DA:284,0
DA:290,0
DA:294,0
DA:295,0
DA:296,0
DA:302,0
DA:303,0
DA:309,0
DA:313,0
DA:314,0
DA:315,0
DA:316,0
DA:317,0
DA:318,0
DA:321,0
DA:328,0
DA:329,0
DA:335,0
DA:338,0
DA:339,0
DA:340,0
DA:341,0
DA:346,0
DA:353,0
DA:354,0
DA:360,0
DA:363,0
DA:364,0
DA:365,0
DA:366,0
DA:371,0
DA:378,0
DA:384,0
DA:388,0
DA:389,0
DA:391,0
DA:395,0
DA:398,0
LF:125
LH:16
BRDA:73,0,0,3
BRDA:73,0,1,1
BRDA:76,1,0,0
BRDA:76,1,1,1
BRDA:90,2,0,0
BRDA:90,2,1,0
BRDA:91,3,0,0
BRDA:103,4,0,0
BRDA:103,4,1,0
BRDA:121,5,0,0
BRDA:121,5,1,0
BRDA:125,6,0,0
BRDA:125,6,1,0
BRDA:126,7,0,0
BRDA:126,7,1,0
BRDA:143,8,0,0
BRDA:143,8,1,0
BRDA:144,9,0,0
BRDA:154,10,0,0
BRDA:154,10,1,0
BRDA:156,11,0,0
BRDA:236,12,0,0
BRDA:236,13,0,0
BRDA:236,14,0,0
BRDA:236,15,0,0
BRDA:255,16,0,0
BRDA:255,16,1,0
BRDA:256,17,0,0
BRDA:256,17,1,0
BRDA:257,18,0,0
BRDA:257,18,1,0
BRDA:259,19,0,0
BRDA:261,20,0,0
BRDA:261,20,1,0
BRDA:262,21,0,0
BRDA:262,21,1,0
BRDA:301,22,0,0
BRDA:315,23,0,0
BRDA:315,23,1,0
BRDA:316,24,0,0
BRDA:316,24,1,0
BRDA:317,25,0,0
BRDA:321,26,0,0
BRDA:321,26,1,0
BRDA:327,27,0,0
BRDA:340,28,0,0
BRDA:340,28,1,0
BRDA:341,29,0,0
BRDA:341,29,1,0
BRDA:346,30,0,0
BRDA:346,30,1,0
BRDA:352,31,0,0
BRDA:365,32,0,0
BRDA:365,32,1,0
BRDA:366,33,0,0
BRDA:366,33,1,0
BRDA:371,34,0,0
BRDA:371,34,1,0
BRDA:388,35,0,0
BRDA:388,35,1,0
BRF:60
BRH:3
end_of_record
TN:
SF:src/utility.ts
FN:80,requestList
FN:81,(anonymous_1)
FN:82,(anonymous_2)
FN:89,(anonymous_3)
FN:90,(anonymous_4)
FN:102,requestShowInfo
FN:103,(anonymous_6)
FN:104,(anonymous_7)
FN:112,(anonymous_8)
FN:113,(anonymous_9)
FN:127,requestDelete
FN:128,(anonymous_11)
FN:130,(anonymous_12)
FN:138,(anonymous_13)
FN:139,(anonymous_14)
FN:152,requestPost
FN:154,(anonymous_16)
FN:155,(anonymous_17)
FN:160,(anonymous_18)
FN:163,(anonymous_19)
FN:175,streamingPost
FN:176,(anonymous_21)
FN:177,(anonymous_22)
FN:190,(anonymous_23)
FN:193,(anonymous_24)
FN:198,(anonymous_25)
FN:208,streamingGenerate
FN:213,(anonymous_27)
FNF:28
FNH:4
FNDA:1,requestList
FNDA:1,(anonymous_1)
FNDA:1,(anonymous_2)
FNDA:1,(anonymous_3)
FNDA:0,(anonymous_4)
FNDA:0,requestShowInfo
FNDA:0,(anonymous_6)
FNDA:0,(anonymous_7)
FNDA:0,(anonymous_8)
FNDA:0,(anonymous_9)
FNDA:0,requestDelete
FNDA:0,(anonymous_11)
FNDA:0,(anonymous_12)
FNDA:0,(anonymous_13)
FNDA:0,(anonymous_14)
FNDA:0,requestPost
FNDA:0,(anonymous_16)
FNDA:0,(anonymous_17)
FNDA:0,(anonymous_18)
FNDA:0,(anonymous_19)
FNDA:0,streamingPost
FNDA:0,(anonymous_21)
FNDA:0,(anonymous_22)
FNDA:0,(anonymous_23)
FNDA:0,(anonymous_24)
FNDA:0,(anonymous_25)
FNDA:0,streamingGenerate
FNDA:0,(anonymous_27)
DA:1,2
DA:80,2
DA:81,1
DA:82,1
DA:83,1
DA:84,1
DA:85,0
DA:87,1
DA:89,1
DA:90,1
DA:91,0
DA:92,0
DA:93,0
DA:97,1
DA:98,1
DA:102,2
DA:103,0
DA:104,0
DA:105,0
DA:106,0
DA:107,0
DA:109,0
DA:112,0
DA:113,0
DA:115,0
DA:116,0
DA:117,0
DA:120,0
DA:121,0
DA:122,0
DA:127,2
DA:128,0
DA:130,0
DA:132,0
DA:133,0
DA:134,0
DA:136,0
DA:138,0
DA:139,0
DA:140,0
DA:141,0
DA:142,0
DA:145,0
DA:146,0
DA:147,0
DA:152,2
DA:153,0
DA:154,0
DA:155,0
DA:156,0
DA:157,0
DA:158,0
DA:160,0
DA:161,0
DA:163,0
DA:164,0
DA:165,0
DA:166,0
DA:169,0
DA:170,0
DA:171,0
DA:175,2
DA:176,0
DA:177,0
DA:179,0
DA:180,0
DA:182,0
DA:183,0
DA:185,0
DA:186,0
DA:190,0
DA:191,0
DA:193,0
DA:198,0
DA:199,0
DA:203,0
DA:204,0
DA:208,2
DA:209,0
DA:211,0
DA:212,0
DA:213,0
DA:214,0
DA:215,0
DA:216,0
DA:218,0
DA:219,0
DA:220,0
LF:88
LH:16
BRDA:83,0,0,1
BRDA:83,0,1,0
BRDA:84,1,0,0
BRDA:84,2,0,1
BRDA:84,2,1,1
BRDA:105,3,0,0
BRDA:105,3,1,0
BRDA:106,4,0,0
BRDA:106,5,0,0
BRDA:106,5,1,0
BRDA:132,6,0,0
BRDA:132,6,1,0
BRDA:133,7,0,0
BRDA:133,8,0,0
BRDA:133,8,1,0
BRDA:156,9,0,0
BRDA:156,9,1,0
BRDA:157,10,0,0
BRDA:157,11,0,0
BRDA:157,11,1,0
BRDA:185,12,0,0
BRF:21
BRH:3
end_of_record
